Performing C SOURCE FILE Test CMAKE_HAVE_LIBC_PTHREAD failed with the following output:
Change Dir: /media/tud-jxavier/SSD/data/zed/visulisation/vis3d_proj/build/CMakeFiles/CMakeTmp

Run Build Command(s):/usr/bin/make cmTC_e1639/fast && /usr/bin/make  -f CMakeFiles/cmTC_e1639.dir/build.make CMakeFiles/cmTC_e1639.dir/build
make[1]: Entering directory '/media/tud-jxavier/SSD/data/zed/visulisation/vis3d_proj/build/CMakeFiles/CMakeTmp'
Building C object CMakeFiles/cmTC_e1639.dir/src.c.o
/usr/bin/cc -DCMAKE_HAVE_LIBC_PTHREAD   -o CMakeFiles/cmTC_e1639.dir/src.c.o -c /media/tud-jxavier/SSD/data/zed/visulisation/vis3d_proj/build/CMakeFiles/CMakeTmp/src.c
Linking C executable cmTC_e1639
/usr/local/bin/cmake -E cmake_link_script CMakeFiles/cmTC_e1639.dir/link.txt --verbose=1
/usr/bin/cc -rdynamic CMakeFiles/cmTC_e1639.dir/src.c.o -o cmTC_e1639 
CMakeFiles/cmTC_e1639.dir/src.c.o: In function `main':
src.c:(.text+0x48): undefined reference to `pthread_create'
src.c:(.text+0x50): undefined reference to `pthread_detach'
src.c:(.text+0x58): undefined reference to `pthread_cancel'
src.c:(.text+0x64): undefined reference to `pthread_join'
src.c:(.text+0x74): undefined reference to `pthread_atfork'
collect2: error: ld returned 1 exit status
CMakeFiles/cmTC_e1639.dir/build.make:105: recipe for target 'cmTC_e1639' failed
make[1]: *** [cmTC_e1639] Error 1
make[1]: Leaving directory '/media/tud-jxavier/SSD/data/zed/visulisation/vis3d_proj/build/CMakeFiles/CMakeTmp'
Makefile:140: recipe for target 'cmTC_e1639/fast' failed
make: *** [cmTC_e1639/fast] Error 2


Source file was:
#include <pthread.h>

static void* test_func(void* data)
{
  return data;
}

int main(void)
{
  pthread_t thread;
  pthread_create(&thread, NULL, test_func, NULL);
  pthread_detach(thread);
  pthread_cancel(thread);
  pthread_join(thread, NULL);
  pthread_atfork(NULL, NULL, NULL);
  pthread_exit(NULL);

  return 0;
}

Determining if the function pthread_create exists in the pthreads failed with the following output:
Change Dir: /media/tud-jxavier/SSD/data/zed/visulisation/vis3d_proj/build/CMakeFiles/CMakeTmp

Run Build Command(s):/usr/bin/make cmTC_0f4bd/fast && /usr/bin/make  -f CMakeFiles/cmTC_0f4bd.dir/build.make CMakeFiles/cmTC_0f4bd.dir/build
make[1]: Entering directory '/media/tud-jxavier/SSD/data/zed/visulisation/vis3d_proj/build/CMakeFiles/CMakeTmp'
Building C object CMakeFiles/cmTC_0f4bd.dir/CheckFunctionExists.c.o
/usr/bin/cc   -DCHECK_FUNCTION_EXISTS=pthread_create -o CMakeFiles/cmTC_0f4bd.dir/CheckFunctionExists.c.o -c /usr/local/share/cmake-3.19/Modules/CheckFunctionExists.c
Linking C executable cmTC_0f4bd
/usr/local/bin/cmake -E cmake_link_script CMakeFiles/cmTC_0f4bd.dir/link.txt --verbose=1
/usr/bin/cc  -DCHECK_FUNCTION_EXISTS=pthread_create -rdynamic CMakeFiles/cmTC_0f4bd.dir/CheckFunctionExists.c.o -o cmTC_0f4bd  -lpthreads 
/usr/bin/ld: cannot find -lpthreads
collect2: error: ld returned 1 exit status
CMakeFiles/cmTC_0f4bd.dir/build.make:105: recipe for target 'cmTC_0f4bd' failed
make[1]: *** [cmTC_0f4bd] Error 1
make[1]: Leaving directory '/media/tud-jxavier/SSD/data/zed/visulisation/vis3d_proj/build/CMakeFiles/CMakeTmp'
Makefile:140: recipe for target 'cmTC_0f4bd/fast' failed
make: *** [cmTC_0f4bd/fast] Error 2



